<?xml version="1.0" encoding="UTF-8"?>
<!-- Generated by org.testng.reporters.JUnitReportReporter -->
<testsuite skipped="0" hostname="Ozans-Air.ht.home" name="scripts.TechGlobalFrontendTestingHomeTest" tests="1" failures="0" timestamp="2023-01-22T16:53:00 EST" time="4.287" errors="0">
  <testcase name="validateFrontendTestingURL" time="4.287" classname="scripts.TechGlobalFrontendTestingHomeTest"/>
  <system-out/>
</testsuite> <!-- scripts.TechGlobalFrontendTestingHomeTest -->
