<?xml version="1.0" encoding="UTF-8"?>
<!-- Generated by org.testng.reporters.JUnitReportReporter -->
<testsuite skipped="0" hostname="Ozans-Air.ht.home" name="scripts.TechGlobalWaitsTest" tests="1" failures="0" timestamp="2023-01-22T16:53:00 EST" time="39.790" errors="0">
  <testcase name="validateBlueBox" time="39.790" classname="scripts.TechGlobalWaitsTest"/>
  <system-out/>
</testsuite> <!-- scripts.TechGlobalWaitsTest -->
