<?xml version="1.0" encoding="UTF-8"?>
<!-- Generated by org.testng.reporters.JUnitReportReporter -->
<testsuite skipped="0" hostname="Ozans-Air.ht.home" name="scripts.TechGlobalWaitsTest" tests="1" failures="0" timestamp="2023-01-20T14:48:36 EST" time="39.529" errors="0">
  <testcase name="validateRedBox" time="39.529" classname="scripts.TechGlobalWaitsTest"/>
  <system-out/>
</testsuite> <!-- scripts.TechGlobalWaitsTest -->
