<?xml version="1.0" encoding="UTF-8"?>
<!-- Generated by org.testng.reporters.JUnitReportReporter -->
<testsuite skipped="0" hostname="Ozans-Air.ht.home" name="scripts.TechGlobalRadioButtonsTest" tests="2" failures="0" timestamp="2023-01-22T16:53:00 EST" time="16.143" errors="0">
  <testcase name="languageRadioButtons" time="11.152" classname="scripts.TechGlobalRadioButtonsTest"/>
  <system-out/>
  <testcase name="languageRadioButtons2" time="4.991" classname="scripts.TechGlobalRadioButtonsTest"/>
  <system-out/>
</testsuite> <!-- scripts.TechGlobalRadioButtonsTest -->
