<?xml version="1.0" encoding="UTF-8"?>
<!-- Generated by org.testng.reporters.JUnitReportReporter -->
<testsuite skipped="0" hostname="Ozans-Air.ht.home" name="scripts.TechGlobalLogoTest" tests="1" failures="0" timestamp="2023-01-20T14:48:36 EST" time="4.204" errors="0">
  <testcase name="validateTechGlobalLogo" time="4.204" classname="scripts.TechGlobalLogoTest"/>
  <system-out/>
</testsuite> <!-- scripts.TechGlobalLogoTest -->
