<?xml version="1.0" encoding="UTF-8"?>
<!-- Generated by org.testng.reporters.JUnitReportReporter -->
<testsuite skipped="0" hostname="Ozans-Air.ht.home" name="scripts.TechGlobalFrontendTestingHomeTest" tests="2" failures="0" timestamp="2023-01-16T13:05:26 EST" time="9.357" errors="0">
  <testcase name="validateFrontendTestingCards" time="6.240" classname="scripts.TechGlobalFrontendTestingHomeTest"/>
  <system-out/>
  <testcase name="validateFrontendTestingURL" time="3.117" classname="scripts.TechGlobalFrontendTestingHomeTest"/>
  <system-out/>
</testsuite> <!-- scripts.TechGlobalFrontendTestingHomeTest -->
