<?xml version="1.0" encoding="UTF-8"?>
<!-- Generated by org.testng.reporters.JUnitReportReporter -->
<testsuite skipped="0" hostname="Ozans-Air.ht.home" name="scripts.TechGlobalDropdownsTest" tests="4" failures="0" timestamp="2023-01-22T16:53:00 EST" time="34.430" errors="0">
  <testcase name="selectDeliveryOption" time="9.612" classname="scripts.TechGlobalDropdownsTest"/>
  <system-out/>
  <testcase name="selectProductOption" time="9.532" classname="scripts.TechGlobalDropdownsTest"/>
  <system-out/>
  <testcase name="selectColorOption" time="10.074" classname="scripts.TechGlobalDropdownsTest"/>
  <system-out/>
  <testcase name="validateTheItemSelected" time="5.212" classname="scripts.TechGlobalDropdownsTest"/>
  <system-out/>
</testsuite> <!-- scripts.TechGlobalDropdownsTest -->
