<?xml version="1.0" encoding="UTF-8"?>
<!-- Generated by org.testng.reporters.JUnitReportReporter -->
<testsuite skipped="0" hostname="Ozans-Air.ht.home" name="scripts.TechGlobalDynamicElementsTest" tests="1" failures="0" timestamp="2023-01-20T14:48:36 EST" time="4.633" errors="0">
  <testcase name="dynamicElementsTest" time="4.633" classname="scripts.TechGlobalDynamicElementsTest"/>
  <system-out/>
</testsuite> <!-- scripts.TechGlobalDynamicElementsTest -->
