<?xml version="1.0" encoding="UTF-8"?>
<!-- Generated by org.testng.reporters.JUnitReportReporter -->
<testsuite skipped="0" hostname="Ozans-Air.ht.home" name="scripts.TechGlobalCheckBoxTest" tests="2" failures="0" timestamp="2023-01-20T14:48:36 EST" time="26.504" errors="0">
  <testcase name="checkBoxes" time="12.967" classname="scripts.TechGlobalCheckBoxTest"/>
  <system-out/>
  <testcase name="checkBoxes2" time="13.537" classname="scripts.TechGlobalCheckBoxTest"/>
  <system-out/>
</testsuite> <!-- scripts.TechGlobalCheckBoxTest -->
