<?xml version="1.0" encoding="UTF-8"?>
<!-- Generated by org.testng.reporters.JUnitReportReporter -->
<testsuite skipped="0" hostname="Ozans-Air.ht.home" name="scripts.TechGlobalCheckBoxTest" tests="2" failures="0" timestamp="2023-01-22T16:53:00 EST" time="29.253" errors="0">
  <testcase name="checkBoxes" time="15.837" classname="scripts.TechGlobalCheckBoxTest"/>
  <system-out/>
  <testcase name="checkBoxes2" time="13.416" classname="scripts.TechGlobalCheckBoxTest"/>
  <system-out/>
</testsuite> <!-- scripts.TechGlobalCheckBoxTest -->
