<?xml version="1.0" encoding="UTF-8"?>
<!-- Generated by org.testng.reporters.JUnitReportReporter -->
<testsuite skipped="0" hostname="Ozans-Air.ht.home" name="scripts.TechGlobalRadioButtonsTest" tests="2" failures="0" timestamp="2023-01-20T14:48:36 EST" time="16.219" errors="0">
  <testcase name="languageRadioButtons" time="10.986" classname="scripts.TechGlobalRadioButtonsTest"/>
  <system-out/>
  <testcase name="languageRadioButtons2" time="5.233" classname="scripts.TechGlobalRadioButtonsTest"/>
  <system-out/>
</testsuite> <!-- scripts.TechGlobalRadioButtonsTest -->
